<?xml version="1.0" encoding="UTF-8"?>
<!-- Generated by org.testng.reporters.JUnitReportReporter -->
<testsuite hostname="DESKTOP-TO5HMTO" failures="0" tests="2" name="tests.T02_Login" time="5.406" errors="0" timestamp="2024-05-03T14:50:18 EEST" skipped="0">
  <testcase classname="tests.T02_Login" name="register" time="4.332"/>
  <testcase classname="tests.T02_Login" name="testLogin" time="1.074"/>
</testsuite> <!-- tests.T02_Login -->
