<?xml version="1.0" encoding="UTF-8"?>
<!-- Generated by org.testng.reporters.JUnitReportReporter -->
<testsuite hostname="DESKTOP-TO5HMTO" failures="0" tests="3" name="tests.T05_Cart" time="2.629" errors="0" timestamp="2024-05-03T17:41:36 EEST" skipped="0">
  <testcase classname="tests.T05_Cart" name="searchByProdName" time="0.963"/>
  <testcase classname="tests.T05_Cart" name="addProdToCart" time="0.851"/>
  <testcase classname="tests.T05_Cart" name="verifyProdAddedToCart" time="0.815"/>
</testsuite> <!-- tests.T05_Cart -->
