<?xml version="1.0" encoding="UTF-8"?>
<!-- Generated by org.testng.reporters.JUnitReportReporter -->
<testsuite hostname="DESKTOP-TO5HMTO" failures="0" tests="3" name="tests.T05_Cart" time="2.718" errors="0" timestamp="2024-05-03T16:45:17 EEST" skipped="0">
  <testcase classname="tests.T05_Cart" name="searchByProdName" time="1.304"/>
  <testcase classname="tests.T05_Cart" name="addProdToCart" time="0.602"/>
  <testcase classname="tests.T05_Cart" name="verifyProdAddedToCart" time="0.812"/>
</testsuite> <!-- tests.T05_Cart -->
