<?xml version="1.0" encoding="UTF-8"?>
<!-- Generated by org.testng.reporters.JUnitReportReporter -->
<testsuite hostname="DESKTOP-TO5HMTO" failures="0" tests="3" name="tests.T04_ChangePassword" time="6.283" errors="0" timestamp="2024-05-03T17:41:36 EEST" skipped="0">
  <testcase classname="tests.T04_ChangePassword" name="register" time="3.398"/>
  <testcase classname="tests.T04_ChangePassword" name="login" time="1.325"/>
  <testcase classname="tests.T04_ChangePassword" name="changePass" time="1.560"/>
</testsuite> <!-- tests.T04_ChangePassword -->
