<?xml version="1.0" encoding="UTF-8"?>
<!-- Generated by org.testng.reporters.JUnitReportReporter -->
<testsuite hostname="DESKTOP-TO5HMTO" failures="0" tests="1" name="tests.T01_Regirstration" time="3.238" errors="0" timestamp="2024-05-03T14:50:18 EEST" skipped="0">
  <testcase classname="tests.T01_Regirstration" name="register" time="3.238"/>
</testsuite> <!-- tests.T01_Regirstration -->
