<?xml version="1.0" encoding="UTF-8"?>
<!-- Generated by org.testng.reporters.JUnitReportReporter -->
<testsuite hostname="DESKTOP-TO5HMTO" failures="0" tests="3" name="tests.T05_Cart" time="2.079" errors="0" timestamp="2024-05-03T16:58:38 EEST" skipped="0">
  <testcase classname="tests.T05_Cart" name="searchByProdName" time="0.726"/>
  <testcase classname="tests.T05_Cart" name="addProdToCart" time="0.605"/>
  <testcase classname="tests.T05_Cart" name="verifyProdAddedToCart" time="0.748"/>
</testsuite> <!-- tests.T05_Cart -->
