<?xml version="1.0" encoding="UTF-8"?>
<!-- Generated by org.testng.reporters.JUnitReportReporter -->
<testsuite hostname="DESKTOP-TO5HMTO" failures="0" tests="3" name="tests.T04_ChangePassword" time="5.277" errors="0" timestamp="2024-05-03T16:58:38 EEST" skipped="0">
  <testcase classname="tests.T04_ChangePassword" name="register" time="3.026"/>
  <testcase classname="tests.T04_ChangePassword" name="login" time="1.065"/>
  <testcase classname="tests.T04_ChangePassword" name="changePass" time="1.186"/>
</testsuite> <!-- tests.T04_ChangePassword -->
