<?xml version="1.0" encoding="UTF-8"?>
<!-- Generated by org.testng.reporters.JUnitReportReporter -->
<testsuite hostname="DESKTOP-TO5HMTO" failures="0" tests="3" name="tests.T03_Search" time="3.042" errors="0" timestamp="2024-05-03T16:58:38 EEST" skipped="1">
  <testcase classname="tests.T03_Search" name="searchByProdName" time="0.828"/>
  <testcase classname="tests.T03_Search" name="searchByAutoSuggs" time="1.139">
    <skipped/>
  </testcase> <!-- searchByAutoSuggs -->
  <testcase classname="tests.T03_Search" name="searchByAutoSuggs" time="1.075"/>
</testsuite> <!-- tests.T03_Search -->
