<?xml version="1.0" encoding="UTF-8"?>
<!-- Generated by org.testng.reporters.JUnitReportReporter -->
<testsuite hostname="DESKTOP-TO5HMTO" failures="0" tests="2" name="tests.T02_Login" time="4.491" errors="0" timestamp="2024-05-03T18:05:37 EEST" skipped="0">
  <testcase classname="tests.T02_Login" name="register" time="3.153"/>
  <testcase classname="tests.T02_Login" name="testLogin" time="1.338"/>
</testsuite> <!-- tests.T02_Login -->
