<?xml version="1.0" encoding="UTF-8"?>
<!-- Generated by org.testng.reporters.JUnitReportReporter -->
<testsuite hostname="DESKTOP-TO5HMTO" failures="0" tests="3" name="tests.T04_ChangePassword" time="6.212" errors="0" timestamp="2024-05-03T18:05:37 EEST" skipped="0">
  <testcase classname="tests.T04_ChangePassword" name="register" time="3.003"/>
  <testcase classname="tests.T04_ChangePassword" name="login" time="1.571"/>
  <testcase classname="tests.T04_ChangePassword" name="changePass" time="1.638"/>
</testsuite> <!-- tests.T04_ChangePassword -->
