<?xml version="1.0" encoding="UTF-8"?>
<!-- Generated by org.testng.reporters.JUnitReportReporter -->
<testsuite hostname="DESKTOP-TO5HMTO" failures="0" tests="2" name="tests.T03_Search" time="2.454" errors="0" timestamp="2024-05-03T18:05:37 EEST" skipped="0">
  <testcase classname="tests.T03_Search" name="searchByProdName" time="1.299"/>
  <testcase classname="tests.T03_Search" name="searchByAutoSuggs" time="1.155"/>
</testsuite> <!-- tests.T03_Search -->
