<?xml version="1.0" encoding="UTF-8"?>
<!-- Generated by org.testng.reporters.JUnitReportReporter -->
<testsuite hostname="DESKTOP-TO5HMTO" failures="0" tests="2" name="tests.T02_Login" time="3.942" errors="0" timestamp="2024-05-03T16:58:38 EEST" skipped="0">
  <testcase classname="tests.T02_Login" name="register" time="2.780"/>
  <testcase classname="tests.T02_Login" name="testLogin" time="1.162"/>
</testsuite> <!-- tests.T02_Login -->
