<?xml version="1.0" encoding="UTF-8"?>
<!-- Generated by org.testng.reporters.JUnitReportReporter -->
<testsuite hostname="DESKTOP-TO5HMTO" failures="0" tests="3" name="tests.T05_Cart" time="3.061" errors="0" timestamp="2024-05-03T18:05:37 EEST" skipped="0">
  <testcase classname="tests.T05_Cart" name="searchByProdName" time="1.317"/>
  <testcase classname="tests.T05_Cart" name="addProdToCart" time="0.751"/>
  <testcase classname="tests.T05_Cart" name="verifyProdAddedToCart" time="0.993"/>
</testsuite> <!-- tests.T05_Cart -->
