<?xml version="1.0" encoding="UTF-8"?>
<!-- Generated by org.testng.reporters.JUnitReportReporter -->
<testsuite hostname="DESKTOP-TO5HMTO" failures="0" tests="1" name="tests.T01_Regirstration" time="3.267" errors="0" timestamp="2024-05-03T18:05:37 EEST" skipped="0">
  <testcase classname="tests.T01_Regirstration" name="register" time="3.267"/>
</testsuite> <!-- tests.T01_Regirstration -->
